


ARM Macro Assembler    Page 1 


    1 00000000         ;*------------------------------------------------------
                       -------------
    2 00000000         ;* Name:     lab_4_program.s 
    3 00000000         ;* Purpose:  A sample style for lab-4
    4 00000000         ;* Term:  Winter 2014
    5 00000000         ;*------------------------------------------------------
                       -------------
    6 00000000                 THUMB                        ; Declare THUMB ins
                                                            truction set 
    7 00000000                 AREA             My_code, CODE, READONLY
    8 00000000                 EXPORT           __MAIN      ; Label __MAIN is u
                                                            sed externally 
    9 00000000                 EXPORT           EINT3_IRQHandler ; The ISR will
                                                             be known to the st
                                                            artup_LPC17xx.s pro
                                                            gram 
   10 00000000         
   11 00000000                 ENTRY
   12 00000000         
   13 00000000         __MAIN
   14 00000000 F8DF A1A4       LDR              R10, =ISER0
   15 00000004 F8DA 1000       LDR              R1, [R10]
   16 00000008 F441 1100       ORR              R1, R1, #0x200000 ; Setting bit
                                                             21 of ISER0
   17 0000000C F8CA 1000       STR              R1, [R10]   ; Storing the right
                                                             value into ISER0 i
                                                            n order to enable E
                                                            INT3
   18 00000010 F04F 0601       MOV              R6, #0x1    ; Using R6 as a fla
                                                            g. if the button wa
                                                            sn't pressed, R6=1.
                                                             If the button is p
                                                            ressed, R6=0
   19 00000014 F8DF A194       LDR              R10, =IO2IntEnf
   20 00000018 F8DA 1000       LDR              R1, [R10]
   21 0000001C F441 6180       ORR              R1, R1, #0x400
   22 00000020 F8CA 1000       STR              R1, [R10]
   23 00000024         ; The following lines are similar to previous labs.
   24 00000024         ; They just turn off all LEDs 
   25 00000024 F8DF A188       LDR              R10, =LED_BASE_ADR ; R10 is a  
                                                            pointer to the base
                                                             address for the LE
                                                            Ds
   26 00000028 F04F 4330       MOV              R3, #0xB0000000 ; Turn off thre
                                                            e LEDs on port 1  
   27 0000002C F8CA 3020       STR              R3, [r10, #0x20]
   28 00000030 F04F 037C       MOV              R3, #0x0000007C
   29 00000034 F8CA 3040       STR              R3, [R10, #0x40] ; Turn off fiv
                                                            e LEDs on port 2 
   30 00000038         
   31 00000038 F640 12C4       MOV              R2, #0x9C4
   32 0000003C F04F 0304       MOV              R3, #0x00000004
   33 00000040 F8CA 3040       STR              R3, [R10, #0x40]
   34 00000044         
   35 00000044         ; This line is very important in your main program
   36 00000044         ; Initializes R11 to a 16-bit non-zero value and NOTHING
                        else can write to R11 !!
   37 00000044 F64A 3BCD       MOV              R11, #0xABCD ; Init the random 
                                                            number generator wi



ARM Macro Assembler    Page 2 


                                                            th a non-zero numbe
                                                            r
   38 00000048 F000 F859       BL               RNG
   39 0000004C F640 19C4       MOV              R9, #2500
   40 00000050 FBBB FBF9       UDIV             R11, R11, R9
   41 00000054 F000 F86F 
                       LOOP1   BL               DELAY
   42 00000058         ;FAZER UM LOAD EM R3
   43 00000058 F8DA 3020       LDR              R3, [R10, #0x20] ; Getting the 
                                                            value of port 1
   44 0000005C F083 4330       EOR              R3, R3, #0xB0000000 ; Turning o
                                                            n/off port 1
   45 00000060 F8CA 3020       STR              R3, [R10, #0x20]
   46 00000064 F8DA 3040       LDR              R3, [R10, #0x40] ; Getting the 
                                                            value of port 2
   47 00000068 F083 037C       EOR              R3, R3, #0x0000007C ; Turning o
                                                            n/off port 2
   48 0000006C F8CA 3028       STR              R3, [R10, #40]
   49 00000070 F1BB 0B01       SUBS             R11, R11, #1
   50 00000074 D1EE            BNE              LOOP1
   51 00000076 F04F 4330       MOV              R3, #0xB0000000 ; Turn off thre
                                                            e LEDs on port 1  
   52 0000007A F8CA 3020       STR              R3, [r10, #0x20]
   53 0000007E F04F 037C       MOV              R3, #0x0000007C
   54 00000082 F8CA 3040       STR              R3, [R10, #0x40] ; Turn off fiv
                                                            e LEDs on port 2
   55 00000086 F04F 0400       MOV              R4, #0x00
   56 0000008A F04F 0500       MOV              R5, #0x00
   57 0000008E F04F 0201       MOV              R2, #1
   58 00000092 F000 F850 
                       LOOP2   BL               DELAY
   59 00000096 F016 0F01       TST              R6, #0x1
   60 0000009A D016            BEQ              STOP_COUNT
   61 0000009C F104 0401       ADD              R4, R4, #1
   62 000000A0 F105 0501       ADD              R5, R5, #1
   63 000000A4 F495 7F7A       TEQ              R5, #1000
   64 000000A8 D1F3            BNE              LOOP2
   65 000000AA F04F 0500       MOV              R5, #0x00
   66 000000AE F8DA 3020       LDR              R3, [R10, #0x20] ; Getting the 
                                                            value of port 1
   67 000000B2 F083 4330       EOR              R3, #0xB0000000
   68 000000B6 F8CA 3020       STR              R3, [R10, #0x20]
   69 000000BA F8DA 3040       LDR              R3, [R10, #0x40] ; Getting the 
                                                            value of port 2
   70 000000BE F083 037C       EOR              R3, #0x0000007C
   71 000000C2 F8CA 3040       STR              R3, [R10, #0x40]
   72 000000C6 F7FF FFE4       BL               LOOP2
   73 000000CA F04F 0804 
                       STOP_COUNT
                               MOV              R8, #4      ; This register wil
                                                            l be used to check 
                                                            if I displayed all 
                                                            the 4 bytes
   74 000000CE 463C            MOV              R4, R7      ; Coping the result
                                                             of the counter int
                                                            o R4 to not lose it
                                                            s value (we cannot 
                                                            lose the value of R
                                                            7)



ARM Macro Assembler    Page 3 


   75 000000D0 F04F 0000 
                       NEXT_BYTE
                               MOV              R0, #0x00   ; R0 will be used t
                                                            o send the bits to 
                                                            the function DISPLA
                                                            Y_NUM
   76 000000D4 F04F 0108       MOV              R1, #8      ; R1 will be used t
                                                            o check how many bi
                                                            ts is in the regist
                                                            er that I will disp
                                                            lay (8 bits to pass
                                                             1 byte each time t
                                                            o the DISPLAY_NUM)
   77 000000D8 0864    TRANSFER_B
                               LSRS             R4, R4, #1  ; Get the least sig
                                                            nificant bit of R4.
                                                            .. 
   78 000000DA EA4F 0030       RRX              R0, R0      ; ...and put it in 
                                                            the most significan
                                                            t bit of R0 (this w
                                                            ay I can send the l
                                                            east significant by
                                                            te first)
   79 000000DE 1E49            SUBS             R1, R1, #1  ; Check how many bi
                                                            ts I passed to R0
   80 000000E0 DCFA            BGT              TRANSFER_B
   81 000000E2 F000 F83B       BL               DISPLAY_NUM
   82 000000E6 F644 6220       MOV              R2, #0x4E20 ; Putting 10000 int
                                                            o R2 to do the righ
                                                            t 0.1mS delay
   83 000000EA F000 F824       BL               DELAY
   84 000000EE F1B8 0801       SUBS             R8, R8, #1  ; Checking how many
                                                             bytes I passed to 
                                                            the DISPLAY_NUM
   85 000000F2 DCED            BGT              NEXT_BYTE
   86 000000F4 F24C 3250       MOV              R2, #0xC350 ; Putting 50000 int
                                                            o R2 to do the righ
                                                            t 0.1mS delay
   87 000000F8 F000 F81D       BL               DELAY
   88 000000FC E7E5            B                STOP_COUNT
   89 000000FE         
   90 000000FE         
   91 000000FE         
   92 000000FE         ;
   93 000000FE         ; Your main program can appear here 
   94 000000FE         ;
   95 000000FE         
   96 000000FE         
   97 000000FE         
   98 000000FE         ;*------------------------------------------------------
                       ------------- 
   99 000000FE         ; Subroutine RNG ... Generates a pseudo-Random Number in
                        R11 
  100 000000FE         ;*------------------------------------------------------
                       ------------- 
  101 000000FE         ; R11 holds a random number as per the Linear feedback s
                       hift register (Fibonacci) on WikiPedia
  102 000000FE         ; R11 MUST be initialized to a non-zero 16-bit value at 
                       the start of the program



ARM Macro Assembler    Page 4 


  103 000000FE         ; R11 can be read anywhere in the code but must only be 
                       written to by this subroutine
  104 000000FE         RNG
  105 000000FE B50E            STMFD            R13!,{R1-R3, R14} ; Random Numb
                                                            er Generator 
  106 00000100 F40B 4100       AND              R1, R11, #0x8000
  107 00000104 F40B 5200       AND              R2, R11, #0x2000
  108 00000108 EA4F 0282       LSL              R2, #2
  109 0000010C EA81 0302       EOR              R3, R1, R2
  110 00000110 F40B 5180       AND              R1, R11, #0x1000
  111 00000114 EA4F 01C1       LSL              R1, #3
  112 00000118 EA83 0301       EOR              R3, R3, R1
  113 0000011C F40B 6180       AND              R1, R11, #0x0400
  114 00000120 EA4F 1141       LSL              R1, #5
  115 00000124 EA83 0301       EOR              R3, R3, R1  ; The new bit to go
                                                             into the LSB is pr
                                                            esent
  116 00000128 EA4F 33D3       LSR              R3, #15
  117 0000012C EA4F 0B4B       LSL              R11, #1
  118 00000130 EA4B 0B03       ORR              R11, R11, R3
  119 00000134 BD0E            LDMFD            R13!,{R1-R3, R15}
  120 00000136         
  121 00000136         ;*------------------------------------------------------
                       ------------- 
  122 00000136         ; Subroutine DELAY ... Causes a delay of 1ms * Rn times
  123 00000136         ;*------------------------------------------------------
                       ------------- 
  124 00000136         ;   aim for better than 10% accuracy 
  125 00000136 B50C    DELAY   STMFD            R13!,{R2, R3, R14}
  126 00000138 F04F 0383       MOV              R3, #0x83   ; decrement this va
                                                            lue to have a delay
                                                             of 0.1mS 
  127 0000013C FB03 F302       MUL              R3, R3, R2  ; R2 sets the amoun
                                                            t of delay I wanna 
                                                            do, since I know th
                                                            at R3 can generate 
                                                            a delay of 0.1mS
  128 00000140 1E5B    LOOP_D  SUBS             R3, R3, #1  ; decrement counter
                                                             R3
  129 00000142 D1FD            BNE              LOOP_D
  130 00000144 BD0C            LDMFD            R13!,{R2, R3, R15}
  131 00000146         
  132 00000146         
  133 00000146         ;*------------------------------------------------------
                       ------------- 
  134 00000146         ; Interrupt Service Routine (ISR) for EINT3_IRQHandler 
  135 00000146         ;*------------------------------------------------------
                       ------------- 
  136 00000146         ; This ISR handles the interrupt triggered when the INT0
                        push-button is pressed 
  137 00000146         ; with the assumption that the interrupt activation is d
                       one in the main program
  138 00000146         EINT3_IRQHandler
                               PROC
  139 00000146         ;STMFD   ...     ; Use this command if you need it  
  140 00000146         ;LDMFD   ...     ; Use this command if you used STMFD (o
                       therwise use BX LR)
  141 00000146 F04F 0600       MOV              R6, #0x00   ; Cleaning the flag
                                                            . if R6=0, the butt



ARM Macro Assembler    Page 5 


                                                            on was pressed.
  142 0000014A F8DF A060       LDR              R10, =IO2IntEnf
  143 0000014E F8DA 1000       LDR              R1, [R10]
  144 00000152 F481 6180       EOR              R1, R1, #0x400
  145 00000156 F8CA 1000       STR              R1, [R10]
  146 0000015A 4770            BX               LR
  147 0000015C                 ENDP
  148 0000015C         
  149 0000015C                 ALIGN
  150 0000015C         
  151 0000015C         ;*------------------------------------------------------
                       ------------- 
  152 0000015C         ; Routine to display the one byte trhough the LEDs 
  153 0000015C         ;*------------------------------------------------------
                       ------------- 
  154 0000015C         ; GUIDE: Display the number in R3 onto the 8 LEDs
  155 0000015C         ; MARINA: Display the number in R4 onto the 8 LEDs
  156 0000015C E92D 5FFF 
                       DISPLAY_NUM
                               STMFD            R13!,{R0 - R12, R14}
  157 00000160         ; Usefull commaands:  RBIT (reverse bits), BFC (bit fiel
                       d clear), LSR & LSL to shift bits left and right, ORR & 
                       AND and EOR for bitwise operations
  158 00000160 F04F 31FF       MOV              R1, #0xFFFFFFFF ; It will be us
                                                            ed to invert the bi
                                                            ts  
  159 00000164 F04F 0505       MOV              R5, #5      ; It will be used t
                                                            o check the number 
                                                            of bits I passed to
                                                             another register
  160 00000168 F04F 0600       MOV              R6, #0x00   ; It will be used t
                                                            o store the right v
                                                            alue to turn on the
                                                             required LEDS of p
                                                            ort P1
  161 0000016C F04F 0700       MOV              R7, #0x00   ; It will be used t
                                                            o store the right v
                                                            alue to turn on the
                                                             required LEDS of p
                                                            ort P2
  162 00000170 EA80 0001       EOR              R0, R0, R1  ; Inverting the bit
                                                            s: bits 0 turn into
                                                             1 and bits 1 turn 
                                                            into 0 (because the
                                                             led turns on with 
                                                            0, not with 1)
  163 00000174 FA90 F0A0       RBIT             R0, R0      ; Invert the order 
                                                            of the bits 
  164 00000178 0840            LSRS             R0, R0, #1  ; Putting the bits 
                                                            5, 6, 7 into bits 2
                                                            8, 29, 31 to turn o
                                                            n the LEDS. (actual
                                                            ly it's the bit 7 t
                                                            hat was in R4. The 
                                                            bit 7 of R4 become 
                                                            the bit 32 in R0 an
                                                            d then bit 1 after 
                                                            the RBIT)
  165 0000017A EA4F 0636       RRX              R6, R6      ; 



ARM Macro Assembler    Page 6 


  166 0000017E 0840            LSRS             R0, R0, #1  ;
  167 00000180 EA4F 0636       RRX              R6, R6      ;
  168 00000184 EA4F 0656       LSR              R6, R6, #1  ; Putting a 0 in th
                                                            e bit 30. It was ne
                                                            cessary to set corr
                                                            ectly the data to p
                                                            ut in the LED addre
                                                            ss
  169 00000188 0840            LSRS             R0, R0, #1  ; Putting the bits 
                                                            5, 6, 7 into bits 2
                                                            8, 29, 31 to turn o
                                                            n the LEDS
  170 0000018A EA4F 0636       RRX              R6, R6      ; Now R6 has the ri
                                                            ght value to turn o
                                                            n LEDS P1.28, P1.29
                                                             and P1.31
  171 0000018E 0840    AGAIN   LSRS             R0, R0, #1  ; Putting the bits 
                                                            4,3,2,1,0 into into
                                                             R7 to turn on the 
                                                            LEDS P2.2, P2.3, P2
                                                            .4, P2.5, P2.6  (Ac
                                                            tually these bits h
                                                            ad these position i
                                                            n the register R4. 
                                                            After the bit 0 bec
                                                            ome the bit 25 in R
                                                            0 and then bit 7 af
                                                            ter the RBIT)
  172 00000190 EA4F 0737       RRX              R7, R7
  173 00000194 1E6D            SUBS             R5, R5, #1  ; Checking how many
                                                             bits I put in R7
  174 00000196 DCFA            BGT              AGAIN
  175 00000198 EA4F 6757       LSR              R7, R7, #25 ; Shifting 25 times
                                                            . This way the bits
                                                             that I moved to R7
                                                             can be in the righ
                                                            t bit position (fir
                                                            st bit that I moved
                                                             will be in the bit
                                                             2). 
  176 0000019C F8C9 6020       STR              R6, [R9, #0x20] ; Turn off thre
                                                            e LEDs on port 1  
  177 000001A0 F8C9 7040       STR              R7, [R9, #0x40] ; Turn off five
                                                             LEDs on port 2
  178 000001A4 E8BD 9FFF       LDMFD            R13!,{R0 - R12, R15}
  179 000001A8         
  180 000001A8         ;*------------------------------------------------------
                       -------------
  181 000001A8         ; Below is a list of useful registers with their respect
                       ive memory addresses.
  182 000001A8         ;*------------------------------------------------------
                       ------------- 
  183 000001A8 2009C000 
                       LED_BASE_ADR
                               EQU              0x2009c000  ; Base address of t
                                                            he memory that cont
                                                            rols the LEDs 
  184 000001A8 4002C00C 
                       PINSEL3 EQU              0x4002C00C  ; Pin Select Regist



ARM Macro Assembler    Page 7 


                                                            er 3 for P1[31:16]
  185 000001A8 4002C010 
                       PINSEL4 EQU              0x4002C010  ; Pin Select Regist
                                                            er 4 for P2[15:0]
  186 000001A8 2009C020 
                       FIO1DIR EQU              0x2009C020  ; Fast Input Output
                                                             Direction Register
                                                             for Port 1 
  187 000001A8 2009C040 
                       FIO2DIR EQU              0x2009C040  ; Fast Input Output
                                                             Direction Register
                                                             for Port 2 
  188 000001A8 2009C038 
                       FIO1SET EQU              0x2009C038  ; Fast Input Output
                                                             Set Register for P
                                                            ort 1 
  189 000001A8 2009C058 
                       FIO2SET EQU              0x2009C058  ; Fast Input Output
                                                             Set Register for P
                                                            ort 2 
  190 000001A8 2009C03C 
                       FIO1CLR EQU              0x2009C03C  ; Fast Input Output
                                                             Clear Register for
                                                             Port 1 
  191 000001A8 2009C05C 
                       FIO2CLR EQU              0x2009C05C  ; Fast Input Output
                                                             Clear Register for
                                                             Port 2 
  192 000001A8 400280B4 
                       IO2IntEnf
                               EQU              0x400280B4  ; GPIO Interrupt En
                                                            able for port 2 Fal
                                                            ling Edge 
  193 000001A8 E000E100 
                       ISER0   EQU              0xE000E100  ; Interrupt Set-Ena
                                                            ble Register 0 
  194 000001A8         
  195 000001A8                 ALIGN
  196 000001A8                 END
              E000E100 
              400280B4 
              2009C000 
              00000000 
Command Line: --debug --xref --cpu=Cortex-M3 --apcs=interwork --depend=Lab4_tem
plate.d -oLab4_template.o -IC:\Software\Keil\ARM\RV31\INC -IC:\Software\Keil\AR
M\CMSIS\Include -IC:\Software\Keil\ARM\Inc\NXP\LPC17xx --list=Lab4_template.lst
 Lab4_template.s



ARM Macro Assembler    Page 1 Alphabetic symbol ordering
Relocatable symbols

AGAIN 0000018E

Symbol: AGAIN
   Definitions
      At line 171 in file Lab4_template.s
   Uses
      At line 174 in file Lab4_template.s
Comment: AGAIN used once
DELAY 00000136

Symbol: DELAY
   Definitions
      At line 125 in file Lab4_template.s
   Uses
      At line 41 in file Lab4_template.s
      At line 58 in file Lab4_template.s
      At line 83 in file Lab4_template.s
      At line 87 in file Lab4_template.s

DISPLAY_NUM 0000015C

Symbol: DISPLAY_NUM
   Definitions
      At line 156 in file Lab4_template.s
   Uses
      At line 81 in file Lab4_template.s
Comment: DISPLAY_NUM used once
EINT3_IRQHandler 00000146

Symbol: EINT3_IRQHandler
   Definitions
      At line 138 in file Lab4_template.s
   Uses
      At line 9 in file Lab4_template.s
Comment: EINT3_IRQHandler used once
LOOP1 00000054

Symbol: LOOP1
   Definitions
      At line 41 in file Lab4_template.s
   Uses
      At line 50 in file Lab4_template.s
Comment: LOOP1 used once
LOOP2 00000092

Symbol: LOOP2
   Definitions
      At line 58 in file Lab4_template.s
   Uses
      At line 64 in file Lab4_template.s
      At line 72 in file Lab4_template.s

LOOP_D 00000140

Symbol: LOOP_D
   Definitions
      At line 128 in file Lab4_template.s
   Uses
      At line 129 in file Lab4_template.s



ARM Macro Assembler    Page 2 Alphabetic symbol ordering
Relocatable symbols

Comment: LOOP_D used once
My_code 00000000

Symbol: My_code
   Definitions
      At line 7 in file Lab4_template.s
   Uses
      None
Comment: My_code unused
NEXT_BYTE 000000D0

Symbol: NEXT_BYTE
   Definitions
      At line 75 in file Lab4_template.s
   Uses
      At line 85 in file Lab4_template.s
Comment: NEXT_BYTE used once
RNG 000000FE

Symbol: RNG
   Definitions
      At line 104 in file Lab4_template.s
   Uses
      At line 38 in file Lab4_template.s
Comment: RNG used once
STOP_COUNT 000000CA

Symbol: STOP_COUNT
   Definitions
      At line 73 in file Lab4_template.s
   Uses
      At line 60 in file Lab4_template.s
      At line 88 in file Lab4_template.s

TRANSFER_B 000000D8

Symbol: TRANSFER_B
   Definitions
      At line 77 in file Lab4_template.s
   Uses
      At line 80 in file Lab4_template.s
Comment: TRANSFER_B used once
__MAIN 00000000

Symbol: __MAIN
   Definitions
      At line 13 in file Lab4_template.s
   Uses
      At line 8 in file Lab4_template.s
Comment: __MAIN used once
13 symbols



ARM Macro Assembler    Page 1 Alphabetic symbol ordering
Absolute symbols

FIO1CLR 2009C03C

Symbol: FIO1CLR
   Definitions
      At line 190 in file Lab4_template.s
   Uses
      None
Comment: FIO1CLR unused
FIO1DIR 2009C020

Symbol: FIO1DIR
   Definitions
      At line 186 in file Lab4_template.s
   Uses
      None
Comment: FIO1DIR unused
FIO1SET 2009C038

Symbol: FIO1SET
   Definitions
      At line 188 in file Lab4_template.s
   Uses
      None
Comment: FIO1SET unused
FIO2CLR 2009C05C

Symbol: FIO2CLR
   Definitions
      At line 191 in file Lab4_template.s
   Uses
      None
Comment: FIO2CLR unused
FIO2DIR 2009C040

Symbol: FIO2DIR
   Definitions
      At line 187 in file Lab4_template.s
   Uses
      None
Comment: FIO2DIR unused
FIO2SET 2009C058

Symbol: FIO2SET
   Definitions
      At line 189 in file Lab4_template.s
   Uses
      None
Comment: FIO2SET unused
IO2IntEnf 400280B4

Symbol: IO2IntEnf
   Definitions
      At line 192 in file Lab4_template.s
   Uses
      At line 19 in file Lab4_template.s
      At line 142 in file Lab4_template.s

ISER0 E000E100




ARM Macro Assembler    Page 2 Alphabetic symbol ordering
Absolute symbols

Symbol: ISER0
   Definitions
      At line 193 in file Lab4_template.s
   Uses
      At line 14 in file Lab4_template.s
Comment: ISER0 used once
LED_BASE_ADR 2009C000

Symbol: LED_BASE_ADR
   Definitions
      At line 183 in file Lab4_template.s
   Uses
      At line 25 in file Lab4_template.s
Comment: LED_BASE_ADR used once
PINSEL3 4002C00C

Symbol: PINSEL3
   Definitions
      At line 184 in file Lab4_template.s
   Uses
      None
Comment: PINSEL3 unused
PINSEL4 4002C010

Symbol: PINSEL4
   Definitions
      At line 185 in file Lab4_template.s
   Uses
      None
Comment: PINSEL4 unused
11 symbols
356 symbols in table
